#
# There is insufficient memory for the Java Runtime Environment to continue.
# Native memory allocation (malloc) failed to allocate 2033936 bytes. Error detail: Chunk::new
# Possible reasons:
#   The system is out of physical RAM or swap space
#   This process is running with CompressedOops enabled, and the Java Heap may be blocking the growth of the native heap
# Possible solutions:
#   Reduce memory load on the system
#   Increase physical memory or swap space
#   Check if swap backing store is full
#   Decrease Java heap size (-Xmx/-Xms)
#   Decrease number of Java threads
#   Decrease Java thread stack sizes (-Xss)
#   Set larger code cache with -XX:ReservedCodeCacheSize=
#   JVM is running with Zero Based Compressed Oops mode in which the Java heap is
#     placed in the first 32GB address space. The Java Heap base address is the
#     maximum limit for the native heap growth. Please use -XX:HeapBaseMinAddress
#     to set the Java Heap base and to place the Java Heap above 32GB virtual address.
# This output file may be truncated or incomplete.
#
#  Out of Memory Error (arena.cpp:150), pid=34260, tid=21076
#
# JRE version: OpenJDK Runtime Environment Temurin-22.0.2+9 (22.0.2+9) (build 22.0.2+9)
# Java VM: OpenJDK 64-Bit Server VM Temurin-22.0.2+9 (22.0.2+9, mixed mode, tiered, compressed oops, compressed class ptrs, g1 gc, windows-amd64)
# No core dump will be written. Minidumps are not enabled by default on client versions of Windows
#

---------------  S U M M A R Y ------------

Command Line: -Dfile.encoding=UTF-8 -Dstdout.encoding=UTF-8 -Dstderr.encoding=UTF-8 -XX:+ShowCodeDetailsInExceptionMessages springbootapp.Springbootapp

Host: AMD Ryzen 7 5800X3D 8-Core Processor           , 16 cores, 31G,  Windows 10 , 64 bit Build 19041 (10.0.19041.4842)
Time: Sun Oct 13 01:02:00 2024 Romance Summer Time elapsed time: 1343.094212 seconds (0d 0h 22m 23s)

---------------  T H R E A D  ---------------

Current thread (0x00000141b427cf20):  JavaThread "C2 CompilerThread2" daemon [_thread_in_native, id=21076, stack(0x000000171e400000,0x000000171e500000) (1024K)]


Current CompileTask:
C2:1343094 11737       4       org.springframework.web.method.support.HandlerMethodArgumentResolverComposite::resolveArgument (45 bytes)

Stack: [0x000000171e400000,0x000000171e500000]
Native frames: (J=compiled Java code, j=interpreted, Vv=VM code, C=native code)
V  [jvm.dll+0x6ea6a9]  (no source info available)
V  [jvm.dll+0x8cdbf3]  (no source info available)
V  [jvm.dll+0x8d001e]  (no source info available)
V  [jvm.dll+0x8d06f3]  (no source info available)
V  [jvm.dll+0x286dc6]  (no source info available)
V  [jvm.dll+0xc3b8f]  (no source info available)
V  [jvm.dll+0xc3deb]  (no source info available)
V  [jvm.dll+0x3c1a02]  (no source info available)
V  [jvm.dll+0x38e45b]  (no source info available)
V  [jvm.dll+0x38d8ba]  (no source info available)
V  [jvm.dll+0x24dd98]  (no source info available)
V  [jvm.dll+0x24d43f]  (no source info available)
V  [jvm.dll+0x1cacf0]  (no source info available)
V  [jvm.dll+0x25d312]  (no source info available)
V  [jvm.dll+0x25b5da]  (no source info available)
V  [jvm.dll+0x3fc036]  (no source info available)
V  [jvm.dll+0x875e6b]  (no source info available)
V  [jvm.dll+0x6e8da5]  (no source info available)
C  [ucrtbase.dll+0x21bb2]  (no source info available)
C  [KERNEL32.DLL+0x17374]  (no source info available)
C  [ntdll.dll+0x4cc91]  (no source info available)


---------------  P R O C E S S  ---------------

Threads class SMR info:
_java_thread_list=0x00000141b108e3b0, length=30, elements={
0x00000141a7ba6a50, 0x00000141a7ba8480, 0x00000141a7bfd7d0, 0x00000141a7bfe9d0,
0x00000141a7bf3e30, 0x00000141a7bc6d20, 0x00000141a7bc9e70, 0x00000141a7bd3890,
0x00000141a7d95730, 0x00000141a7d9dd70, 0x00000141af015b10, 0x00000141af016ec0,
0x00000141af014df0, 0x00000141af015480, 0x00000141af0161a0, 0x00000141b4266010,
0x00000141b4263220, 0x00000141b4268770, 0x00000141b42645d0, 0x00000141b4261e70,
0x00000141b4268e00, 0x00000141b42666a0, 0x00000141b4266d30, 0x00000141b4264c60,
0x00000141b42652f0, 0x00000141b42673c0, 0x00000141b4269490, 0x00000141b4262500,
0x00000141b4279f70, 0x00000141b427cf20
}

Java Threads: ( => current thread )
  0x00000141a7ba6a50 JavaThread "Reference Handler"          daemon [_thread_blocked, id=33832, stack(0x000000171d900000,0x000000171da00000) (1024K)]
  0x00000141a7ba8480 JavaThread "Finalizer"                  daemon [_thread_blocked, id=15016, stack(0x000000171da00000,0x000000171db00000) (1024K)]
  0x00000141a7bfd7d0 JavaThread "Signal Dispatcher"          daemon [_thread_blocked, id=34304, stack(0x000000171db00000,0x000000171dc00000) (1024K)]
  0x00000141a7bfe9d0 JavaThread "Attach Listener"            daemon [_thread_blocked, id=34568, stack(0x000000171dc00000,0x000000171dd00000) (1024K)]
  0x00000141a7bf3e30 JavaThread "Service Thread"             daemon [_thread_blocked, id=16492, stack(0x000000171dd00000,0x000000171de00000) (1024K)]
  0x00000141a7bc6d20 JavaThread "Monitor Deflation Thread"   daemon [_thread_blocked, id=34644, stack(0x000000171de00000,0x000000171df00000) (1024K)]
  0x00000141a7bc9e70 JavaThread "C2 CompilerThread0"         daemon [_thread_blocked, id=32468, stack(0x000000171df00000,0x000000171e000000) (1024K)]
  0x00000141a7bd3890 JavaThread "C1 CompilerThread0"         daemon [_thread_blocked, id=29528, stack(0x000000171e000000,0x000000171e100000) (1024K)]
  0x00000141a7d95730 JavaThread "Notification Thread"        daemon [_thread_blocked, id=32964, stack(0x000000171e200000,0x000000171e300000) (1024K)]
  0x00000141a7d9dd70 JavaThread "Common-Cleaner"             daemon [_thread_blocked, id=29032, stack(0x000000171e300000,0x000000171e400000) (1024K)]
  0x00000141af015b10 JavaThread "Catalina-utility-1"                [_thread_blocked, id=34396, stack(0x000000171f800000,0x000000171f900000) (1024K)]
  0x00000141af016ec0 JavaThread "Catalina-utility-2"                [_thread_blocked, id=12980, stack(0x000000171f900000,0x000000171fa00000) (1024K)]
  0x00000141af014df0 JavaThread "container-0"                       [_thread_blocked, id=25528, stack(0x000000171fa00000,0x000000171fb00000) (1024K)]
  0x00000141af015480 JavaThread "PostgreSQL-JDBC-Cleaner"    daemon [_thread_blocked, id=20116, stack(0x000000171f400000,0x000000171f500000) (1024K)]
  0x00000141af0161a0 JavaThread "HikariPool-1 housekeeper"   daemon [_thread_blocked, id=17820, stack(0x000000171f500000,0x000000171f600000) (1024K)]
  0x00000141b4266010 JavaThread "http-nio-8081-exec-1"       daemon [_thread_blocked, id=14612, stack(0x0000001720100000,0x0000001720200000) (1024K)]
  0x00000141b4263220 JavaThread "http-nio-8081-exec-2"       daemon [_thread_blocked, id=30852, stack(0x0000001720200000,0x0000001720300000) (1024K)]
  0x00000141b4268770 JavaThread "http-nio-8081-exec-3"       daemon [_thread_blocked, id=31092, stack(0x0000001720300000,0x0000001720400000) (1024K)]
  0x00000141b42645d0 JavaThread "http-nio-8081-exec-4"       daemon [_thread_blocked, id=18052, stack(0x0000001720400000,0x0000001720500000) (1024K)]
  0x00000141b4261e70 JavaThread "http-nio-8081-exec-5"       daemon [_thread_blocked, id=7972, stack(0x0000001720500000,0x0000001720600000) (1024K)]
  0x00000141b4268e00 JavaThread "http-nio-8081-exec-6"       daemon [_thread_blocked, id=35184, stack(0x0000001720600000,0x0000001720700000) (1024K)]
  0x00000141b42666a0 JavaThread "http-nio-8081-exec-7"       daemon [_thread_blocked, id=13456, stack(0x0000001720700000,0x0000001720800000) (1024K)]
  0x00000141b4266d30 JavaThread "http-nio-8081-exec-8"       daemon [_thread_blocked, id=30948, stack(0x0000001720800000,0x0000001720900000) (1024K)]
  0x00000141b4264c60 JavaThread "http-nio-8081-exec-9"       daemon [_thread_blocked, id=31428, stack(0x0000001720900000,0x0000001720a00000) (1024K)]
  0x00000141b42652f0 JavaThread "http-nio-8081-exec-10"      daemon [_thread_blocked, id=25388, stack(0x0000001720a00000,0x0000001720b00000) (1024K)]
  0x00000141b42673c0 JavaThread "http-nio-8081-Poller"       daemon [_thread_in_native, id=8160, stack(0x0000001720b00000,0x0000001720c00000) (1024K)]
  0x00000141b4269490 JavaThread "http-nio-8081-Acceptor"     daemon [_thread_in_native, id=30068, stack(0x0000001720c00000,0x0000001720d00000) (1024K)]
  0x00000141b4262500 JavaThread "DestroyJavaVM"                     [_thread_blocked, id=13440, stack(0x000000171d100000,0x000000171d200000) (1024K)]
  0x00000141b4279f70 JavaThread "C2 CompilerThread1"         daemon [_thread_blocked, id=15764, stack(0x000000171e100000,0x000000171e200000) (1024K)]
=>0x00000141b427cf20 JavaThread "C2 CompilerThread2"         daemon [_thread_in_native, id=21076, stack(0x000000171e400000,0x000000171e500000) (1024K)]
Total: 30

Other Threads:
  0x00000141a7b60750 VMThread "VM Thread"                           [id=19236, stack(0x000000171d800000,0x000000171d900000) (1024K)]
  0x00000141a4cea2b0 WatcherThread "VM Periodic Task Thread"        [id=3068, stack(0x000000171d700000,0x000000171d800000) (1024K)]
  0x0000014187867010 WorkerThread "GC Thread#0"                     [id=32304, stack(0x000000171d200000,0x000000171d300000) (1024K)]
  0x00000141acde1b70 WorkerThread "GC Thread#1"                     [id=28712, stack(0x000000171e800000,0x000000171e900000) (1024K)]
  0x00000141acd6f870 WorkerThread "GC Thread#2"                     [id=8612, stack(0x000000171e900000,0x000000171ea00000) (1024K)]
  0x00000141acd6fc20 WorkerThread "GC Thread#3"                     [id=32100, stack(0x000000171ea00000,0x000000171eb00000) (1024K)]
  0x00000141acd703d0 WorkerThread "GC Thread#4"                     [id=30644, stack(0x000000171eb00000,0x000000171ec00000) (1024K)]
  0x00000141acd70b90 WorkerThread "GC Thread#5"                     [id=14340, stack(0x000000171ec00000,0x000000171ed00000) (1024K)]
  0x00000141ac6fe6e0 WorkerThread "GC Thread#6"                     [id=34732, stack(0x000000171ed00000,0x000000171ee00000) (1024K)]
  0x00000141ac6fea90 WorkerThread "GC Thread#7"                     [id=32828, stack(0x000000171ee00000,0x000000171ef00000) (1024K)]
  0x00000141ac6fee40 WorkerThread "GC Thread#8"                     [id=19008, stack(0x000000171ef00000,0x000000171f000000) (1024K)]
  0x00000141ac6ff1f0 WorkerThread "GC Thread#9"                     [id=30064, stack(0x000000171f000000,0x000000171f100000) (1024K)]
  0x00000141ac6ff5a0 WorkerThread "GC Thread#10"                    [id=5440, stack(0x000000171f100000,0x000000171f200000) (1024K)]
  0x00000141ac6ff950 WorkerThread "GC Thread#11"                    [id=25616, stack(0x000000171f200000,0x000000171f300000) (1024K)]
  0x00000141ad2174b0 WorkerThread "GC Thread#12"                    [id=20132, stack(0x000000171f300000,0x000000171f400000) (1024K)]
  0x000001418786cee0 ConcurrentGCThread "G1 Main Marker"            [id=14004, stack(0x000000171d300000,0x000000171d400000) (1024K)]
  0x000001418786d800 WorkerThread "G1 Conc#0"                       [id=33912, stack(0x000000171d400000,0x000000171d500000) (1024K)]
  0x00000141ad2169a0 WorkerThread "G1 Conc#1"                       [id=2280, stack(0x000000171f600000,0x000000171f700000) (1024K)]
  0x00000141ad2165f0 WorkerThread "G1 Conc#2"                       [id=35720, stack(0x000000171f700000,0x000000171f800000) (1024K)]
  0x00000141a4bab0b0 ConcurrentGCThread "G1 Refine#0"               [id=14052, stack(0x000000171d500000,0x000000171d600000) (1024K)]
  0x00000141a4baea00 ConcurrentGCThread "G1 Service"                [id=35616, stack(0x000000171d600000,0x000000171d700000) (1024K)]
Total: 21

Threads with active compile tasks:
C2 CompilerThread2  1343212 11737       4       org.springframework.web.method.support.HandlerMethodArgumentResolverComposite::resolveArgument (45 bytes)
Total: 1

VM state: not at safepoint (normal execution)

VM Mutex/Monitor currently owned by a thread: None

Heap address: 0x0000000601000000, size: 8176 MB, Compressed Oops mode: Zero based, Oop shift amount: 3

CDS archive(s) not mapped
Compressed class space mapped at: 0x0000000039000000-0x0000000079000000, reserved size: 1073741824
Narrow klass base: 0x0000000000000000, Narrow klass shift: 0, Narrow klass range: 0x79000000

GC Precious Log:
 CardTable entry size: 512
 Card Set container configuration: InlinePtr #cards 4 size 8 Array Of Cards #cards 32 size 80 Howl #buckets 8 coarsen threshold 7372 Howl Bitmap #cards 1024 size 144 coarsen threshold 921 Card regions per heap region 1 cards per card region 8192
 CPUs: 16 total, 16 available
 Memory: 32689M
 Large Page Support: Disabled
 NUMA Support: Disabled
 Compressed Oops: Enabled (Zero based)
 Heap Region Size: 4M
 Heap Min Capacity: 8M
 Heap Initial Capacity: 512M
 Heap Max Capacity: 8176M
 Pre-touch: Disabled
 Parallel Workers: 13
 Concurrent Workers: 3
 Concurrent Refinement Workers: 13
 Periodic GC: Disabled

Heap:
 garbage-first heap   total reserved 8372224K, committed 98304K, used 42788K [0x0000000601000000, 0x0000000800000000)
  region size 4096K, 3 young (12288K), 1 survivors (4096K)
 Metaspace       used 89687K, committed 90496K, reserved 1179648K
  class space    used 11493K, committed 11840K, reserved 1048576K

Heap Regions: E=young(eden), S=young(survivor), O=old, HS=humongous(starts), HC=humongous(continues), CS=collection set, F=free, TAMS=top-at-mark-start, PB=parsable bottom
|   0|0x0000000601000000, 0x0000000601400000, 0x0000000601400000|100%| O|  |TAMS 0x0000000601000000| PB 0x0000000601000000| Untracked |  0
|   1|0x0000000601400000, 0x0000000601800000, 0x0000000601800000|100%| O|  |TAMS 0x0000000601400000| PB 0x0000000601400000| Untracked |  0
|   2|0x0000000601800000, 0x0000000601c00000, 0x0000000601c00000|100%| O|  |TAMS 0x0000000601800000| PB 0x0000000601800000| Untracked |  0
|   3|0x0000000601c00000, 0x0000000602000000, 0x0000000602000000|100%| O|  |TAMS 0x0000000601c00000| PB 0x0000000601c00000| Untracked |  0
|   4|0x0000000602000000, 0x0000000602400000, 0x0000000602400000|100%| O|  |TAMS 0x0000000602000000| PB 0x0000000602000000| Untracked |  0
|   5|0x0000000602400000, 0x0000000602800000, 0x0000000602800000|100%| O|  |TAMS 0x0000000602400000| PB 0x0000000602400000| Untracked |  0
|   6|0x0000000602800000, 0x0000000602c00000, 0x0000000602c00000|100%| O|  |TAMS 0x0000000602800000| PB 0x0000000602800000| Untracked |  0
|   7|0x0000000602c00000, 0x0000000603000000, 0x0000000603000000|100%| O|  |TAMS 0x0000000602c00000| PB 0x0000000602c00000| Untracked |  0
|   8|0x0000000603000000, 0x0000000603400000, 0x0000000603400000|100%| O|  |TAMS 0x0000000603000000| PB 0x0000000603000000| Untracked |  0
|   9|0x0000000603400000, 0x00000006035b6860, 0x0000000603800000| 42%| O|  |TAMS 0x0000000603400000| PB 0x0000000603400000| Untracked |  0
|  10|0x0000000603800000, 0x0000000603800000, 0x0000000603c00000|  0%| F|  |TAMS 0x0000000603800000| PB 0x0000000603800000| Untracked |  0
|  11|0x0000000603c00000, 0x0000000603c00000, 0x0000000604000000|  0%| F|  |TAMS 0x0000000603c00000| PB 0x0000000603c00000| Untracked |  0
|  12|0x0000000604000000, 0x0000000604000000, 0x0000000604400000|  0%| F|  |TAMS 0x0000000604000000| PB 0x0000000604000000| Untracked |  0
|  13|0x0000000604400000, 0x0000000604412960, 0x0000000604800000|  1%| S|CS|TAMS 0x0000000604400000| PB 0x0000000604400000| Complete |  0
|  14|0x0000000604800000, 0x0000000604800000, 0x0000000604c00000|  0%| F|  |TAMS 0x0000000604800000| PB 0x0000000604800000| Untracked |  0
|  15|0x0000000604c00000, 0x0000000604c00000, 0x0000000605000000|  0%| F|  |TAMS 0x0000000604c00000| PB 0x0000000604c00000| Untracked |  0
|  16|0x0000000605000000, 0x0000000605000000, 0x0000000605400000|  0%| F|  |TAMS 0x0000000605000000| PB 0x0000000605000000| Untracked |  0
|  17|0x0000000605400000, 0x0000000605400000, 0x0000000605800000|  0%| F|  |TAMS 0x0000000605400000| PB 0x0000000605400000| Untracked |  0
|  18|0x0000000605800000, 0x0000000605800000, 0x0000000605c00000|  0%| F|  |TAMS 0x0000000605800000| PB 0x0000000605800000| Untracked |  0
|  19|0x0000000605c00000, 0x0000000605c00000, 0x0000000606000000|  0%| F|  |TAMS 0x0000000605c00000| PB 0x0000000605c00000| Untracked |  0
|  20|0x0000000606000000, 0x0000000606000000, 0x0000000606400000|  0%| F|  |TAMS 0x0000000606000000| PB 0x0000000606000000| Untracked |  0
|  50|0x000000060d800000, 0x000000060d800000, 0x000000060dc00000|  0%| F|  |TAMS 0x000000060d800000| PB 0x000000060d800000| Untracked |  0
|  51|0x000000060dc00000, 0x000000060debf7c0, 0x000000060e000000| 68%| E|  |TAMS 0x000000060dc00000| PB 0x000000060dc00000| Complete |  0
| 127|0x0000000620c00000, 0x0000000621000000, 0x0000000621000000|100%| E|CS|TAMS 0x0000000620c00000| PB 0x0000000620c00000| Complete |  0

Card table byte_map: [0x000001419bb30000,0x000001419cb30000] _byte_map_base: 0x0000014198b28000

Marking Bits: (CMBitMap*) 0x0000014187867630
 Bits: [0x000001419cb30000, 0x00000141a4af0000)

Polling page: 0x0000014185290000

Metaspace:

Usage:
  Non-class:     76.36 MB used.
      Class:     11.22 MB used.
       Both:     87.59 MB used.

Virtual space:
  Non-class space:      128.00 MB reserved,      76.81 MB ( 60%) committed,  2 nodes.
      Class space:        1.00 GB reserved,      11.56 MB (  1%) committed,  1 nodes.
             Both:        1.12 GB reserved,      88.38 MB (  8%) committed. 

Chunk freelists:
   Non-Class:  2.79 MB
       Class:  4.38 MB
        Both:  7.17 MB

MaxMetaspaceSize: unlimited
CompressedClassSpaceSize: 1.00 GB
Initial GC threshold: 21.00 MB
Current GC threshold: 98.75 MB
CDS: off
 - commit_granule_bytes: 65536.
 - commit_granule_words: 8192.
 - virtual_space_node_default_size: 8388608.
 - enlarge_chunks_in_place: 1.
 - use_allocation_guard: 0.


Internal statistics:

num_allocs_failed_limit: 9.
num_arena_births: 1156.
num_arena_deaths: 0.
num_vsnodes_births: 3.
num_vsnodes_deaths: 0.
num_space_committed: 1414.
num_space_uncommitted: 0.
num_chunks_returned_to_freelist: 9.
num_chunks_taken_from_freelist: 4053.
num_chunk_merges: 3.
num_chunk_splits: 2880.
num_chunks_enlarged: 2224.
num_inconsistent_stats: 0.

CodeHeap 'non-profiled nmethods': size=119168Kb used=11694Kb max_used=11694Kb free=107473Kb
 bounds [0x0000014192e40000, 0x00000141939b0000, 0x000001419a2a0000]
CodeHeap 'profiled nmethods': size=119104Kb used=22257Kb max_used=22257Kb free=96846Kb
 bounds [0x000001418b2a0000, 0x000001418c860000, 0x00000141926f0000]
CodeHeap 'non-nmethods': size=7488Kb used=1738Kb max_used=3494Kb free=5749Kb
 bounds [0x00000141926f0000, 0x0000014192a70000, 0x0000014192e40000]
 total_blobs=11830 nmethods=11073 adapters=659
 compilation: enabled
              stopped_count=0, restarted_count=0
 full_count=0

Compilation events (20 events):
Event: 1343.033 Thread 0x00000141a7bd3890 11744   !   3       org.springframework.security.web.session.SessionManagementFilter::doFilter (229 bytes)
Event: 1343.034 Thread 0x00000141a7bd3890 nmethod 11744 0x000001418c856d10 code [0x000001418c857140, 0x000001418c8590f0]
Event: 1343.035 Thread 0x00000141a7bd3890 11746   !   3       org.apache.catalina.connector.Request::recycleSessionInfo (68 bytes)
Event: 1343.035 Thread 0x00000141a7bd3890 nmethod 11746 0x000001418c859b10 code [0x000001418c859d40, 0x000001418c85a6f0]
Event: 1343.037 Thread 0x00000141a7bd3890 11747       3       org.apache.tomcat.util.buf.MessageBytes::setLong (189 bytes)
Event: 1343.037 Thread 0x00000141a7bd3890 nmethod 11747 0x000001418c85aa10 code [0x000001418c85ac20, 0x000001418c85b3c8]
Event: 1343.038 Thread 0x00000141a7bd3890 11748       3       org.apache.tomcat.util.buf.Ascii::parseLong (114 bytes)
Event: 1343.038 Thread 0x00000141a7bd3890 nmethod 11748 0x000001418c85b790 code [0x000001418c85b980, 0x000001418c85bf60]
Event: 1343.040 Thread 0x00000141a7bd3890 11749       3       org.springframework.security.web.context.HttpSessionSecurityContextRepository::containsContext (33 bytes)
Event: 1343.040 Thread 0x00000141a7bd3890 nmethod 11749 0x000001418c85c190 code [0x000001418c85c360, 0x000001418c85c6b0]
Event: 1343.042 Thread 0x00000141a7bc9e70 nmethod 11689 0x0000014193988b10 code [0x0000014193989aa0, 0x0000014193993858]
Event: 1343.043 Thread 0x00000141a7bc9e70 11745       4       org.springframework.transaction.support.TransactionSynchronizationManager::doGetResource (72 bytes)
Event: 1343.045 Thread 0x00000141a7bc9e70 nmethod 11745 0x0000014193999d10 code [0x0000014193999f00, 0x000001419399a1c0]
Event: 1343.045 Thread 0x00000141a7bc9e70 11723       4       org.apache.catalina.connector.Request::getPathParameter (9 bytes)
Event: 1343.048 Thread 0x00000141a7bc9e70 nmethod 11723 0x000001419399a590 code [0x000001419399a780, 0x000001419399ab50]
Event: 1343.048 Thread 0x00000141a7bc9e70 11724       4       org.apache.coyote.Request::getPathParameter (14 bytes)
Event: 1343.051 Thread 0x00000141a7bc9e70 nmethod 11724 0x000001419399ae90 code [0x000001419399b060, 0x000001419399b408]
Event: 1343.051 Thread 0x00000141a7bc9e70 11750   !   4       java.io.BufferedOutputStream::flush (60 bytes)
Event: 1343.055 Thread 0x00000141a7bc9e70 nmethod 11750 0x000001419399b710 code [0x000001419399b920, 0x000001419399bf38]
Event: 1343.077 Thread 0x00000141b4279f70 nmethod 11717 0x000001419399c490 code [0x000001419399d260, 0x00000141939a6048]

GC Heap History (20 events):
Event: 1313.451 GC heap before
{Heap before GC invocations=29 (full 0):
 garbage-first heap   total reserved 8372224K, committed 98304K, used 83482K [0x0000000601000000, 0x0000000800000000)
  region size 4096K, 12 young (49152K), 1 survivors (4096K)
 Metaspace       used 89656K, committed 90496K, reserved 1179648K
  class space    used 11493K, committed 11840K, reserved 1048576K
}
Event: 1313.453 GC heap after
{Heap after GC invocations=30 (full 0):
 garbage-first heap   total reserved 8372224K, committed 98304K, used 38446K [0x0000000601000000, 0x0000000800000000)
  region size 4096K, 1 young (4096K), 1 survivors (4096K)
 Metaspace       used 89656K, committed 90496K, reserved 1179648K
  class space    used 11493K, committed 11840K, reserved 1048576K
}
Event: 1314.314 GC heap before
{Heap before GC invocations=30 (full 0):
 garbage-first heap   total reserved 8372224K, committed 98304K, used 83502K [0x0000000601000000, 0x0000000800000000)
  region size 4096K, 12 young (49152K), 1 survivors (4096K)
 Metaspace       used 89657K, committed 90496K, reserved 1179648K
  class space    used 11493K, committed 11840K, reserved 1048576K
}
Event: 1314.316 GC heap after
{Heap after GC invocations=31 (full 0):
 garbage-first heap   total reserved 8372224K, committed 98304K, used 38549K [0x0000000601000000, 0x0000000800000000)
  region size 4096K, 1 young (4096K), 1 survivors (4096K)
 Metaspace       used 89657K, committed 90496K, reserved 1179648K
  class space    used 11493K, committed 11840K, reserved 1048576K
}
Event: 1315.211 GC heap before
{Heap before GC invocations=31 (full 0):
 garbage-first heap   total reserved 8372224K, committed 98304K, used 83605K [0x0000000601000000, 0x0000000800000000)
  region size 4096K, 12 young (49152K), 1 survivors (4096K)
 Metaspace       used 89663K, committed 90496K, reserved 1179648K
  class space    used 11493K, committed 11840K, reserved 1048576K
}
Event: 1315.212 GC heap after
{Heap after GC invocations=32 (full 0):
 garbage-first heap   total reserved 8372224K, committed 98304K, used 38647K [0x0000000601000000, 0x0000000800000000)
  region size 4096K, 1 young (4096K), 1 survivors (4096K)
 Metaspace       used 89663K, committed 90496K, reserved 1179648K
  class space    used 11493K, committed 11840K, reserved 1048576K
}
Event: 1315.988 GC heap before
{Heap before GC invocations=32 (full 0):
 garbage-first heap   total reserved 8372224K, committed 98304K, used 79607K [0x0000000601000000, 0x0000000800000000)
  region size 4096K, 11 young (45056K), 1 survivors (4096K)
 Metaspace       used 89664K, committed 90496K, reserved 1179648K
  class space    used 11493K, committed 11840K, reserved 1048576K
}
Event: 1315.989 GC heap after
{Heap after GC invocations=33 (full 0):
 garbage-first heap   total reserved 8372224K, committed 98304K, used 38651K [0x0000000601000000, 0x0000000800000000)
  region size 4096K, 1 young (4096K), 1 survivors (4096K)
 Metaspace       used 89664K, committed 90496K, reserved 1179648K
  class space    used 11493K, committed 11840K, reserved 1048576K
}
Event: 1316.768 GC heap before
{Heap before GC invocations=33 (full 0):
 garbage-first heap   total reserved 8372224K, committed 98304K, used 79611K [0x0000000601000000, 0x0000000800000000)
  region size 4096K, 11 young (45056K), 1 survivors (4096K)
 Metaspace       used 89666K, committed 90496K, reserved 1179648K
  class space    used 11493K, committed 11840K, reserved 1048576K
}
Event: 1316.768 GC heap after
{Heap after GC invocations=34 (full 0):
 garbage-first heap   total reserved 8372224K, committed 98304K, used 38650K [0x0000000601000000, 0x0000000800000000)
  region size 4096K, 1 young (4096K), 1 survivors (4096K)
 Metaspace       used 89666K, committed 90496K, reserved 1179648K
  class space    used 11493K, committed 11840K, reserved 1048576K
}
Event: 1317.538 GC heap before
{Heap before GC invocations=34 (full 0):
 garbage-first heap   total reserved 8372224K, committed 98304K, used 79610K [0x0000000601000000, 0x0000000800000000)
  region size 4096K, 11 young (45056K), 1 survivors (4096K)
 Metaspace       used 89666K, committed 90496K, reserved 1179648K
  class space    used 11493K, committed 11840K, reserved 1048576K
}
Event: 1317.539 GC heap after
{Heap after GC invocations=35 (full 0):
 garbage-first heap   total reserved 8372224K, committed 98304K, used 38656K [0x0000000601000000, 0x0000000800000000)
  region size 4096K, 1 young (4096K), 1 survivors (4096K)
 Metaspace       used 89666K, committed 90496K, reserved 1179648K
  class space    used 11493K, committed 11840K, reserved 1048576K
}
Event: 1318.335 GC heap before
{Heap before GC invocations=35 (full 0):
 garbage-first heap   total reserved 8372224K, committed 98304K, used 79616K [0x0000000601000000, 0x0000000800000000)
  region size 4096K, 11 young (45056K), 1 survivors (4096K)
 Metaspace       used 89667K, committed 90496K, reserved 1179648K
  class space    used 11493K, committed 11840K, reserved 1048576K
}
Event: 1318.336 GC heap after
{Heap after GC invocations=36 (full 0):
 garbage-first heap   total reserved 8372224K, committed 98304K, used 38654K [0x0000000601000000, 0x0000000800000000)
  region size 4096K, 1 young (4096K), 1 survivors (4096K)
 Metaspace       used 89667K, committed 90496K, reserved 1179648K
  class space    used 11493K, committed 11840K, reserved 1048576K
}
Event: 1319.115 GC heap before
{Heap before GC invocations=36 (full 0):
 garbage-first heap   total reserved 8372224K, committed 98304K, used 79614K [0x0000000601000000, 0x0000000800000000)
  region size 4096K, 11 young (45056K), 1 survivors (4096K)
 Metaspace       used 89667K, committed 90496K, reserved 1179648K
  class space    used 11493K, committed 11840K, reserved 1048576K
}
Event: 1319.116 GC heap after
{Heap after GC invocations=37 (full 0):
 garbage-first heap   total reserved 8372224K, committed 98304K, used 38670K [0x0000000601000000, 0x0000000800000000)
  region size 4096K, 1 young (4096K), 1 survivors (4096K)
 Metaspace       used 89667K, committed 90496K, reserved 1179648K
  class space    used 11493K, committed 11840K, reserved 1048576K
}
Event: 1319.947 GC heap before
{Heap before GC invocations=37 (full 0):
 garbage-first heap   total reserved 8372224K, committed 98304K, used 79630K [0x0000000601000000, 0x0000000800000000)
  region size 4096K, 11 young (45056K), 1 survivors (4096K)
 Metaspace       used 89672K, committed 90496K, reserved 1179648K
  class space    used 11493K, committed 11840K, reserved 1048576K
}
Event: 1319.948 GC heap after
{Heap after GC invocations=38 (full 0):
 garbage-first heap   total reserved 8372224K, committed 98304K, used 38670K [0x0000000601000000, 0x0000000800000000)
  region size 4096K, 1 young (4096K), 1 survivors (4096K)
 Metaspace       used 89672K, committed 90496K, reserved 1179648K
  class space    used 11493K, committed 11840K, reserved 1048576K
}
Event: 1342.926 GC heap before
{Heap before GC invocations=38 (full 0):
 garbage-first heap   total reserved 8372224K, committed 98304K, used 79630K [0x0000000601000000, 0x0000000800000000)
  region size 4096K, 11 young (45056K), 1 survivors (4096K)
 Metaspace       used 89682K, committed 90496K, reserved 1179648K
  class space    used 11493K, committed 11840K, reserved 1048576K
}
Event: 1342.927 GC heap after
{Heap after GC invocations=39 (full 0):
 garbage-first heap   total reserved 8372224K, committed 98304K, used 38692K [0x0000000601000000, 0x0000000800000000)
  region size 4096K, 1 young (4096K), 1 survivors (4096K)
 Metaspace       used 89682K, committed 90496K, reserved 1179648K
  class space    used 11493K, committed 11840K, reserved 1048576K
}

Dll operation events (12 events):
Event: 0.013 Loaded shared library C:\Users\2ndgamingdk\.p2\pool\plugins\org.eclipse.justj.openjdk.hotspot.jre.full.win32.x86_64_22.0.2.v20240802-1626\jre\bin\java.dll
Event: 0.019 Loaded shared library C:\Users\2ndgamingdk\.p2\pool\plugins\org.eclipse.justj.openjdk.hotspot.jre.full.win32.x86_64_22.0.2.v20240802-1626\jre\bin\zip.dll
Event: 0.155 Loaded shared library C:\Users\2ndgamingdk\.p2\pool\plugins\org.eclipse.justj.openjdk.hotspot.jre.full.win32.x86_64_22.0.2.v20240802-1626\jre\bin\net.dll
Event: 0.158 Loaded shared library C:\Users\2ndgamingdk\.p2\pool\plugins\org.eclipse.justj.openjdk.hotspot.jre.full.win32.x86_64_22.0.2.v20240802-1626\jre\bin\nio.dll
Event: 0.164 Loaded shared library C:\Users\2ndgamingdk\.p2\pool\plugins\org.eclipse.justj.openjdk.hotspot.jre.full.win32.x86_64_22.0.2.v20240802-1626\jre\bin\zip.dll
Event: 0.260 Loaded shared library C:\Users\2ndgamingdk\.p2\pool\plugins\org.eclipse.justj.openjdk.hotspot.jre.full.win32.x86_64_22.0.2.v20240802-1626\jre\bin\jimage.dll
Event: 0.680 Loaded shared library C:\Users\2ndgamingdk\.p2\pool\plugins\org.eclipse.justj.openjdk.hotspot.jre.full.win32.x86_64_22.0.2.v20240802-1626\jre\bin\le.dll
Event: 0.935 Loaded shared library C:\Users\2ndgamingdk\.p2\pool\plugins\org.eclipse.justj.openjdk.hotspot.jre.full.win32.x86_64_22.0.2.v20240802-1626\jre\bin\sunmscapi.dll
Event: 2.128 Loaded shared library C:\Users\2ndgamingdk\.p2\pool\plugins\org.eclipse.justj.openjdk.hotspot.jre.full.win32.x86_64_22.0.2.v20240802-1626\jre\bin\management.dll
Event: 2.138 Loaded shared library C:\Users\2ndgamingdk\.p2\pool\plugins\org.eclipse.justj.openjdk.hotspot.jre.full.win32.x86_64_22.0.2.v20240802-1626\jre\bin\management_ext.dll
Event: 2.601 Loaded shared library C:\Users\2ndgamingdk\.p2\pool\plugins\org.eclipse.justj.openjdk.hotspot.jre.full.win32.x86_64_22.0.2.v20240802-1626\jre\bin\verify.dll
Event: 2.832 Loaded shared library C:\Users\2ndgamingdk\.p2\pool\plugins\org.eclipse.justj.openjdk.hotspot.jre.full.win32.x86_64_22.0.2.v20240802-1626\jre\bin\extnet.dll

Deoptimization events (20 events):
Event: 1342.809 Thread 0x00000141b42652f0 Uncommon trap: trap_request=0xffffff45 fr.pc=0x00000141938c9638 relative=0x0000000000000118
Event: 1342.809 Thread 0x00000141b42652f0 Uncommon trap: reason=unstable_if action=reinterpret pc=0x00000141938c9638 method=org.apache.catalina.connector.Request.recycleSessionInfo()V @ 4 c2
Event: 1342.809 Thread 0x00000141b42652f0 DEOPT PACKING pc=0x00000141938c9638 sp=0x0000001720afedf0
Event: 1342.809 Thread 0x00000141b42652f0 DEOPT UNPACKING pc=0x00000141927446a2 sp=0x0000001720afeda8 mode 2
Event: 1342.809 Thread 0x00000141b42652f0 Uncommon trap: trap_request=0xffffff45 fr.pc=0x00000141937c9eb8 relative=0x0000000000002d78
Event: 1342.809 Thread 0x00000141b42652f0 Uncommon trap: reason=unstable_if action=reinterpret pc=0x00000141937c9eb8 method=org.apache.tomcat.util.http.ServerCookies.recycle()V @ 7 c2
Event: 1342.809 Thread 0x00000141b42652f0 DEOPT PACKING pc=0x00000141937c9eb8 sp=0x0000001720afef10
Event: 1342.809 Thread 0x00000141b42652f0 DEOPT UNPACKING pc=0x00000141927446a2 sp=0x0000001720afee78 mode 2
Event: 1342.828 Thread 0x00000141b4266010 Uncommon trap: trap_request=0xffffff45 fr.pc=0x000001419367ed6c relative=0x000000000000028c
Event: 1342.828 Thread 0x00000141b4266010 Uncommon trap: reason=unstable_if action=reinterpret pc=0x000001419367ed6c method=org.apache.tomcat.util.http.MimeHeaders.findHeader(Ljava/lang/String;I)I @ 23 c2
Event: 1342.828 Thread 0x00000141b4266010 DEOPT PACKING pc=0x000001419367ed6c sp=0x00000017201fee10
Event: 1342.828 Thread 0x00000141b4266010 DEOPT UNPACKING pc=0x00000141927446a2 sp=0x00000017201fedc0 mode 2
Event: 1342.828 Thread 0x00000141b4266010 Uncommon trap: trap_request=0xffffff45 fr.pc=0x0000014193909c60 relative=0x00000000000005e0
Event: 1342.828 Thread 0x00000141b4266010 Uncommon trap: reason=unstable_if action=reinterpret pc=0x0000014193909c60 method=org.springframework.security.web.context.HttpSessionSecurityContextRepository.containsContext(Ljakarta/servlet/http/HttpServletRequest;)Z @ 9 c2
Event: 1342.828 Thread 0x00000141b4266010 DEOPT PACKING pc=0x0000014193909c60 sp=0x00000017201fd4b0
Event: 1342.828 Thread 0x00000141b4266010 DEOPT UNPACKING pc=0x00000141927446a2 sp=0x00000017201fd400 mode 2
Event: 1342.830 Thread 0x00000141b4263220 Uncommon trap: trap_request=0xffffff45 fr.pc=0x0000014193905a94 relative=0x00000000000000f4
Event: 1342.830 Thread 0x00000141b4263220 Uncommon trap: reason=unstable_if action=reinterpret pc=0x0000014193905a94 method=org.springframework.security.web.context.HttpSessionSecurityContextRepository.containsContext(Ljakarta/servlet/http/HttpServletRequest;)Z @ 9 c2
Event: 1342.830 Thread 0x00000141b4263220 DEOPT PACKING pc=0x0000014193905a94 sp=0x00000017202fcf50
Event: 1342.830 Thread 0x00000141b4263220 DEOPT UNPACKING pc=0x00000141927446a2 sp=0x00000017202fcee8 mode 2

Classes loaded (20 events):
Event: 25.257 Loading class java/time/format/DateTimeFormatterBuilder$ReducedPrinterParser
Event: 25.257 Loading class java/time/format/DateTimeFormatterBuilder$ReducedPrinterParser done
Event: 25.275 Loading class java/util/OptionalLong
Event: 25.275 Loading class java/util/OptionalLong done
Event: 25.275 Loading class java/util/OptionalDouble
Event: 25.275 Loading class java/util/OptionalDouble done
Event: 45.610 Loading class java/io/PushbackInputStream
Event: 45.611 Loading class java/io/PushbackInputStream done
Event: 45.613 Loading class org/w3c/dom/Node
Event: 45.613 Loading class org/w3c/dom/Node done
Event: 45.613 Loading class org/w3c/dom/Document
Event: 45.613 Loading class org/w3c/dom/Document done
Event: 45.865 Loading class java/io/WriteAbortedException
Event: 45.865 Loading class java/io/WriteAbortedException done
Event: 45.866 Loading class sun/security/provider/SecureRandom
Event: 45.866 Loading class sun/security/provider/SecureRandom done
Event: 45.866 Loading class sun/security/provider/SecureRandom$SeederHolder
Event: 45.866 Loading class sun/security/provider/SecureRandom$SeederHolder done
Event: 1303.160 Loading class sun/util/locale/LocaleExtensions
Event: 1303.161 Loading class sun/util/locale/LocaleExtensions done

Classes unloaded (0 events):
No events

Classes redefined (0 events):
No events

Internal exceptions (20 events):
Event: 4.757 Thread 0x000001418497e270 Exception <a 'java/lang/NoSuchMethodError'{0x000000060454f428}: 'double java.lang.invoke.DirectMethodHandle$Holder.invokeStatic(java.lang.Object, java.lang.Object)'> (0x000000060454f428) 
thrown [s\src\hotspot\share\interpreter\linkResolver.cpp, line 774]
Event: 4.784 Thread 0x00000141a7d95730 Exception <a 'java/lang/NoSuchMethodError'{0x0000000620d07520}: 'long java.lang.invoke.DirectMethodHandle$Holder.invokeStatic(java.lang.Object, java.lang.Object, java.lang.Object)'> (0x0000000620d07520) 
thrown [s\src\hotspot\share\interpreter\linkResolver.cpp, line 774]
Event: 4.797 Thread 0x000001418497e270 Exception <a 'java/lang/IncompatibleClassChangeError'{0x000000060ddeda88}: Found class java.lang.Object, but interface was expected> (0x000000060ddeda88) 
thrown [s\src\hotspot\share\interpreter\linkResolver.cpp, line 841]
Event: 4.806 Thread 0x000001418497e270 Exception <a 'java/lang/NoSuchMethodError'{0x000000060df2d6a8}: 'void java.lang.invoke.DirectMethodHandle$Holder.invokeStatic(java.lang.Object, java.lang.Object, double)'> (0x000000060df2d6a8) 
thrown [s\src\hotspot\share\interpreter\linkResolver.cpp, line 774]
Event: 4.811 Thread 0x000001418497e270 Exception <a 'java/lang/NoSuchMethodError'{0x000000060df880a8}: 'double java.lang.invoke.DirectMethodHandle$Holder.invokeStatic(java.lang.Object, java.lang.Object, java.lang.Object)'> (0x000000060df880a8) 
thrown [s\src\hotspot\share\interpreter\linkResolver.cpp, line 774]
Event: 4.824 Thread 0x000001418497e270 Exception <a 'java/lang/IncompatibleClassChangeError'{0x000000060d86fce8}: Found class java.lang.Object, but interface was expected> (0x000000060d86fce8) 
thrown [s\src\hotspot\share\interpreter\linkResolver.cpp, line 841]
Event: 4.825 Thread 0x000001418497e270 Exception <a 'java/lang/NoSuchMethodError'{0x000000060d88b140}: 'java.lang.Object java.lang.invoke.DirectMethodHandle$Holder.newInvokeSpecial(java.lang.Object, java.lang.Object, int, java.lang.Object, java.lang.Object)'> (0x000000060d88b140) 
thrown [s\src\hotspot\share\interpreter\linkResolver.cpp, line 774]
Event: 4.863 Thread 0x000001418497e270 Exception <a 'java/lang/IncompatibleClassChangeError'{0x000000060da8adc0}: Found class java.lang.Object, but interface was expected> (0x000000060da8adc0) 
thrown [s\src\hotspot\share\interpreter\linkResolver.cpp, line 841]
Event: 4.875 Thread 0x000001418497e270 Implicit null exception at 0x00000141930b7425 to 0x00000141930b76e9
Event: 25.200 Thread 0x00000141b4266010 Exception <a 'java/lang/NoSuchMethodError'{0x0000000605d59700}: 'java.lang.Object java.lang.invoke.DirectMethodHandle$Holder.invokeSpecial(java.lang.Object, java.lang.Object, java.lang.Object, java.lang.Object, java.lang.Object, long)'> (0x0000000605d59700) 
thrown [s\src\hotspot\share\interpreter\linkResolver.cpp, line 774]
Event: 25.200 Thread 0x00000141b4266010 Exception <a 'java/lang/NoSuchMethodError'{0x0000000605d5ce88}: 'java.lang.Object java.lang.invoke.Invokers$Holder.linkToTargetMethod(java.lang.Object, java.lang.Object, java.lang.Object, long, java.lang.Object)'> (0x0000000605d5ce88) 
thrown [s\src\hotspot\share\interpreter\linkResolver.cpp, line 774]
Event: 45.770 Thread 0x00000141b4263220 Exception <a 'java/lang/NoSuchMethodError'{0x0000000604c1e850}: 'void java.lang.invoke.DirectMethodHandle$Holder.invokeSpecialIFC(java.lang.Object, java.lang.Object, int, java.lang.Object, java.lang.Object, java.lang.Object, java.lang.Object)'> (0x0000000604c1e850) 
thrown [s\src\hotspot\share\interpreter\linkResolver.cpp, line 774]
Event: 45.803 Thread 0x00000141b4263220 Exception <a 'java/lang/NoSuchMethodError'{0x0000000604e85aa0}: 'java.lang.Object java.lang.invoke.DirectMethodHandle$Holder.newInvokeSpecial(java.lang.Object, java.lang.Object, java.lang.Object, long)'> (0x0000000604e85aa0) 
thrown [s\src\hotspot\share\interpreter\linkResolver.cpp, line 774]
Event: 45.803 Thread 0x00000141b4263220 Exception <a 'java/lang/NoSuchMethodError'{0x0000000604e8a3a8}: 'java.lang.Object java.lang.invoke.DirectMethodHandle$Holder.invokeSpecial(java.lang.Object, java.lang.Object, java.lang.Object, java.lang.Object, long)'> (0x0000000604e8a3a8) 
thrown [s\src\hotspot\share\interpreter\linkResolver.cpp, line 774]
Event: 45.803 Thread 0x00000141b4263220 Exception <a 'java/lang/NoSuchMethodError'{0x0000000604e8e7e0}: 'java.lang.Object java.lang.invoke.Invokers$Holder.linkToTargetMethod(java.lang.Object, java.lang.Object, long, java.lang.Object)'> (0x0000000604e8e7e0) 
thrown [s\src\hotspot\share\interpreter\linkResolver.cpp, line 774]
Event: 1319.716 Thread 0x00000141b4266d30 Implicit null exception at 0x000001419394e66b to 0x000001419394ea20
Event: 1319.718 Thread 0x00000141b4264c60 Implicit null exception at 0x000001419394e66b to 0x000001419394ea20
Event: 1319.720 Thread 0x00000141b42652f0 Implicit null exception at 0x000001419394e66b to 0x000001419394ea20
Event: 1319.722 Thread 0x00000141b4266010 Implicit null exception at 0x000001419394e66b to 0x000001419394ea20
Event: 1319.726 Thread 0x00000141b4268770 Implicit null exception at 0x00000141939568c8 to 0x0000014193957060

ZGC Phase Switch (0 events):
No events

VM Operations (20 events):
Event: 1316.768 Executing VM operation: G1CollectForAllocation (G1 Evacuation Pause)
Event: 1316.768 Executing VM operation: G1CollectForAllocation (G1 Evacuation Pause) done
Event: 1317.538 Executing VM operation: G1CollectForAllocation (G1 Evacuation Pause)
Event: 1317.539 Executing VM operation: G1CollectForAllocation (G1 Evacuation Pause) done
Event: 1318.335 Executing VM operation: G1CollectForAllocation (G1 Evacuation Pause)
Event: 1318.336 Executing VM operation: G1CollectForAllocation (G1 Evacuation Pause) done
Event: 1319.115 Executing VM operation: G1CollectForAllocation (G1 Evacuation Pause)
Event: 1319.116 Executing VM operation: G1CollectForAllocation (G1 Evacuation Pause) done
Event: 1319.947 Executing VM operation: G1CollectForAllocation (G1 Evacuation Pause)
Event: 1319.948 Executing VM operation: G1CollectForAllocation (G1 Evacuation Pause) done
Event: 1322.767 Executing VM operation: HandshakeAllThreads (HandshakeForDeflation)
Event: 1322.767 Executing VM operation: HandshakeAllThreads (HandshakeForDeflation) done
Event: 1322.767 Executing VM operation: RendezvousGCThreads
Event: 1322.767 Executing VM operation: RendezvousGCThreads done
Event: 1335.869 Executing VM operation: Cleanup
Event: 1335.870 Executing VM operation: Cleanup done
Event: 1342.895 Executing VM operation: Cleanup
Event: 1342.895 Executing VM operation: Cleanup done
Event: 1342.926 Executing VM operation: G1CollectForAllocation (G1 Evacuation Pause)
Event: 1342.927 Executing VM operation: G1CollectForAllocation (G1 Evacuation Pause) done

Memory protections (0 events):
No events

Nmethod flushes (20 events):
Event: 3.256 Thread 0x00000141a7b60750 flushing  nmethod 0x000001418b6a6790
Event: 3.256 Thread 0x00000141a7b60750 flushing  nmethod 0x000001418b6a8010
Event: 3.256 Thread 0x00000141a7b60750 flushing  nmethod 0x000001418b6a8410
Event: 3.256 Thread 0x00000141a7b60750 flushing  nmethod 0x000001418b6a8810
Event: 3.256 Thread 0x00000141a7b60750 flushing  nmethod 0x000001418b712110
Event: 3.256 Thread 0x00000141a7b60750 flushing  nmethod 0x000001418b713490
Event: 3.256 Thread 0x00000141a7b60750 flushing  nmethod 0x000001418b713d90
Event: 3.256 Thread 0x00000141a7b60750 flushing  nmethod 0x000001418b714610
Event: 3.256 Thread 0x00000141a7b60750 flushing  nmethod 0x000001418b761910
Event: 3.256 Thread 0x00000141a7b60750 flushing  nmethod 0x000001418b7ecd90
Event: 3.256 Thread 0x00000141a7b60750 flushing  nmethod 0x000001418b7f2190
Event: 3.256 Thread 0x00000141a7b60750 flushing  nmethod 0x000001418b823b10
Event: 3.256 Thread 0x00000141a7b60750 flushing  nmethod 0x000001418b824590
Event: 3.256 Thread 0x00000141a7b60750 flushing  nmethod 0x000001418b862a10
Event: 3.256 Thread 0x00000141a7b60750 flushing  nmethod 0x000001418b89cc90
Event: 3.256 Thread 0x00000141a7b60750 flushing  nmethod 0x000001418b99e390
Event: 3.256 Thread 0x00000141a7b60750 flushing  nmethod 0x000001418b9ff390
Event: 3.256 Thread 0x00000141a7b60750 flushing  nmethod 0x000001418b9ffb10
Event: 3.256 Thread 0x00000141a7b60750 flushing  nmethod 0x000001418ba6e490
Event: 3.256 Thread 0x00000141a7b60750 flushing  nmethod 0x000001418ba79f10

Events (20 events):
Event: 1319.116 Thread 0x00000141b427bab0 Thread exited: 0x00000141b427bab0
Event: 1319.599 Thread 0x00000141b427f130 Thread exited: 0x00000141b427f130
Event: 1319.599 Thread 0x00000141b427b3e0 Thread exited: 0x00000141b427b3e0
Event: 1319.599 Thread 0x00000141b4279f70 Thread exited: 0x00000141b4279f70
Event: 1319.611 Thread 0x00000141a7bc9e70 Thread added: 0x00000141b427b3e0
Event: 1319.611 Thread 0x00000141a7bc9e70 Thread added: 0x00000141b427c180
Event: 1319.611 Thread 0x00000141a7bc9e70 Thread added: 0x00000141b427cf20
Event: 1319.611 Thread 0x00000141a7bc9e70 Thread added: 0x00000141b427f130
Event: 1319.611 Thread 0x00000141a7bc9e70 Thread added: 0x00000141b427dcc0
Event: 1319.611 Thread 0x00000141a7bc9e70 Thread added: 0x00000141b4279f70
Event: 1319.611 Thread 0x00000141a7bc9e70 Thread added: 0x00000141b427bab0
Event: 1319.842 Thread 0x00000141b427bab0 Thread exited: 0x00000141b427bab0
Event: 1320.294 Thread 0x00000141b4279f70 Thread exited: 0x00000141b4279f70
Event: 1320.294 Thread 0x00000141b427dcc0 Thread exited: 0x00000141b427dcc0
Event: 1320.469 Thread 0x00000141b427f130 Thread exited: 0x00000141b427f130
Event: 1323.387 Thread 0x00000141b427cf20 Thread exited: 0x00000141b427cf20
Event: 1323.387 Thread 0x00000141b427c180 Thread exited: 0x00000141b427c180
Event: 1328.402 Thread 0x00000141b427b3e0 Thread exited: 0x00000141b427b3e0
Event: 1342.928 Thread 0x00000141a7bd3890 Thread added: 0x00000141b4279f70
Event: 1343.008 Thread 0x00000141a7bd3890 Thread added: 0x00000141b427cf20


Dynamic libraries:
0x00007ff706f20000 - 0x00007ff706f2e000 	C:\Users\2ndgamingdk\.p2\pool\plugins\org.eclipse.justj.openjdk.hotspot.jre.full.win32.x86_64_22.0.2.v20240802-1626\jre\bin\javaw.exe
0x00007ffa64fb0000 - 0x00007ffa651a8000 	C:\WINDOWS\SYSTEM32\ntdll.dll
0x00007ffa64600000 - 0x00007ffa646c1000 	C:\WINDOWS\System32\KERNEL32.DLL
0x00007ffa62660000 - 0x00007ffa6295d000 	C:\WINDOWS\System32\KERNELBASE.dll
0x00007ffa2ddd0000 - 0x00007ffa2deab000 	C:\Program Files\Bitdefender\Bitdefender Security\bdhkm\dlls_267023270869537619\bdhkm64.dll
0x00007ff9ef550000 - 0x00007ff9ef70d000 	C:\Program Files\Bitdefender\Bitdefender Security\atcuf\dlls_267426151152642920\atcuf64.dll
0x00007ffa62eb0000 - 0x00007ffa62fb0000 	C:\WINDOWS\System32\ucrtbase.dll
0x00007ffa3dd20000 - 0x00007ffa3dd37000 	C:\Users\2ndgamingdk\.p2\pool\plugins\org.eclipse.justj.openjdk.hotspot.jre.full.win32.x86_64_22.0.2.v20240802-1626\jre\bin\jli.dll
0x00007ffa63010000 - 0x00007ffa631ad000 	C:\WINDOWS\System32\USER32.dll
0x00007ffa62a80000 - 0x00007ffa62aa2000 	C:\WINDOWS\System32\win32u.dll
0x00007ffa634f0000 - 0x00007ffa6351b000 	C:\WINDOWS\System32\GDI32.dll
0x00007ffa62960000 - 0x00007ffa62a77000 	C:\WINDOWS\System32\gdi32full.dll
0x00007ffa62da0000 - 0x00007ffa62e3d000 	C:\WINDOWS\System32\msvcp_win.dll
0x00007ffa3a1a0000 - 0x00007ffa3a1bb000 	C:\Users\2ndgamingdk\.p2\pool\plugins\org.eclipse.justj.openjdk.hotspot.jre.full.win32.x86_64_22.0.2.v20240802-1626\jre\bin\VCRUNTIME140.dll
0x00007ffa52af0000 - 0x00007ffa52d8a000 	C:\WINDOWS\WinSxS\amd64_microsoft.windows.common-controls_6595b64144ccf1df_6.0.19041.4355_none_60b8b9eb71f62e16\COMCTL32.dll
0x00007ffa63540000 - 0x00007ffa635de000 	C:\WINDOWS\System32\msvcrt.dll
0x00007ffa62fe0000 - 0x00007ffa6300f000 	C:\WINDOWS\System32\IMM32.DLL
0x00007ffa3dd10000 - 0x00007ffa3dd1c000 	C:\Users\2ndgamingdk\.p2\pool\plugins\org.eclipse.justj.openjdk.hotspot.jre.full.win32.x86_64_22.0.2.v20240802-1626\jre\bin\vcruntime140_1.dll
0x00007ffa06b80000 - 0x00007ffa06c0e000 	C:\Users\2ndgamingdk\.p2\pool\plugins\org.eclipse.justj.openjdk.hotspot.jre.full.win32.x86_64_22.0.2.v20240802-1626\jre\bin\msvcp140.dll
0x00007ff99e8f0000 - 0x00007ff99f6b3000 	C:\Users\2ndgamingdk\.p2\pool\plugins\org.eclipse.justj.openjdk.hotspot.jre.full.win32.x86_64_22.0.2.v20240802-1626\jre\bin\server\jvm.dll
0x00007ffa642f0000 - 0x00007ffa643a0000 	C:\WINDOWS\System32\ADVAPI32.dll
0x00007ffa63370000 - 0x00007ffa63410000 	C:\WINDOWS\System32\sechost.dll
0x00007ffa635f0000 - 0x00007ffa63713000 	C:\WINDOWS\System32\RPCRT4.dll
0x00007ffa62fb0000 - 0x00007ffa62fd7000 	C:\WINDOWS\System32\bcrypt.dll
0x00007ffa649c0000 - 0x00007ffa64a2b000 	C:\WINDOWS\System32\WS2_32.dll
0x00007ffa61bf0000 - 0x00007ffa61c3b000 	C:\WINDOWS\SYSTEM32\POWRPROF.dll
0x00007ffa5d240000 - 0x00007ffa5d267000 	C:\WINDOWS\SYSTEM32\WINMM.dll
0x00007ffa5ba90000 - 0x00007ffa5ba9a000 	C:\WINDOWS\SYSTEM32\VERSION.dll
0x00007ffa61a60000 - 0x00007ffa61a72000 	C:\WINDOWS\SYSTEM32\UMPDC.dll
0x00007ffa60500000 - 0x00007ffa60512000 	C:\WINDOWS\SYSTEM32\kernel.appcore.dll
0x00007ffa5f710000 - 0x00007ffa5f71a000 	C:\Users\2ndgamingdk\.p2\pool\plugins\org.eclipse.justj.openjdk.hotspot.jre.full.win32.x86_64_22.0.2.v20240802-1626\jre\bin\jimage.dll
0x00007ffa51020000 - 0x00007ffa51204000 	C:\WINDOWS\SYSTEM32\DBGHELP.DLL
0x00007ffa423c0000 - 0x00007ffa423f4000 	C:\WINDOWS\SYSTEM32\dbgcore.DLL
0x00007ffa62c60000 - 0x00007ffa62ce2000 	C:\WINDOWS\System32\bcryptPrimitives.dll
0x00007ffa39050000 - 0x00007ffa3906e000 	C:\Users\2ndgamingdk\.p2\pool\plugins\org.eclipse.justj.openjdk.hotspot.jre.full.win32.x86_64_22.0.2.v20240802-1626\jre\bin\java.dll
0x00007ffa63780000 - 0x00007ffa63eef000 	C:\WINDOWS\System32\SHELL32.dll
0x00007ffa646d0000 - 0x00007ffa647fb000 	C:\WINDOWS\System32\ole32.dll
0x00007ffa63f80000 - 0x00007ffa642d3000 	C:\WINDOWS\System32\combase.dll
0x00007ffa376a0000 - 0x00007ffa376b7000 	C:\Users\2ndgamingdk\.p2\pool\plugins\org.eclipse.justj.openjdk.hotspot.jre.full.win32.x86_64_22.0.2.v20240802-1626\jre\bin\zip.dll
0x00007ffa60700000 - 0x00007ffa60ea3000 	C:\WINDOWS\SYSTEM32\windows.storage.dll
0x00007ffa62090000 - 0x00007ffa620be000 	C:\WINDOWS\SYSTEM32\Wldp.dll
0x00007ffa64ea0000 - 0x00007ffa64f6d000 	C:\WINDOWS\System32\OLEAUT32.dll
0x00007ffa64860000 - 0x00007ffa6490d000 	C:\WINDOWS\System32\SHCORE.dll
0x00007ffa645a0000 - 0x00007ffa645f5000 	C:\WINDOWS\System32\shlwapi.dll
0x00007ffa62590000 - 0x00007ffa625b4000 	C:\WINDOWS\SYSTEM32\profapi.dll
0x00007ffa3a000000 - 0x00007ffa3a010000 	C:\Users\2ndgamingdk\.p2\pool\plugins\org.eclipse.justj.openjdk.hotspot.jre.full.win32.x86_64_22.0.2.v20240802-1626\jre\bin\net.dll
0x00007ffa61df0000 - 0x00007ffa61e5a000 	C:\WINDOWS\system32\mswsock.dll
0x00007ffa39fe0000 - 0x00007ffa39ff6000 	C:\Users\2ndgamingdk\.p2\pool\plugins\org.eclipse.justj.openjdk.hotspot.jre.full.win32.x86_64_22.0.2.v20240802-1626\jre\bin\nio.dll
0x00007ffa3a160000 - 0x00007ffa3a16b000 	C:\Users\2ndgamingdk\.p2\pool\plugins\org.eclipse.justj.openjdk.hotspot.jre.full.win32.x86_64_22.0.2.v20240802-1626\jre\bin\le.dll
0x00007ffa390b0000 - 0x00007ffa390be000 	C:\Users\2ndgamingdk\.p2\pool\plugins\org.eclipse.justj.openjdk.hotspot.jre.full.win32.x86_64_22.0.2.v20240802-1626\jre\bin\sunmscapi.dll
0x00007ffa62ab0000 - 0x00007ffa62c0c000 	C:\WINDOWS\System32\CRYPT32.dll
0x00007ffa62100000 - 0x00007ffa62129000 	C:\WINDOWS\SYSTEM32\ncrypt.dll
0x00007ffa620c0000 - 0x00007ffa620fb000 	C:\WINDOWS\SYSTEM32\NTASN1.dll
0x00007ffa61fe0000 - 0x00007ffa61ff8000 	C:\WINDOWS\SYSTEM32\CRYPTSP.dll
0x00007ffa616a0000 - 0x00007ffa616d4000 	C:\WINDOWS\system32\rsaenh.dll
0x00007ffa62510000 - 0x00007ffa6253e000 	C:\WINDOWS\SYSTEM32\USERENV.dll
0x00007ffa62000000 - 0x00007ffa6200c000 	C:\WINDOWS\SYSTEM32\CRYPTBASE.dll
0x00007ffa61a80000 - 0x00007ffa61abb000 	C:\WINDOWS\SYSTEM32\IPHLPAPI.DLL
0x00007ffa642e0000 - 0x00007ffa642e8000 	C:\WINDOWS\System32\NSI.dll
0x00007ffa3a150000 - 0x00007ffa3a15a000 	C:\Users\2ndgamingdk\.p2\pool\plugins\org.eclipse.justj.openjdk.hotspot.jre.full.win32.x86_64_22.0.2.v20240802-1626\jre\bin\management.dll
0x00007ffa3a080000 - 0x00007ffa3a08b000 	C:\Users\2ndgamingdk\.p2\pool\plugins\org.eclipse.justj.openjdk.hotspot.jre.full.win32.x86_64_22.0.2.v20240802-1626\jre\bin\management_ext.dll
0x00007ffa63360000 - 0x00007ffa63368000 	C:\WINDOWS\System32\PSAPI.DLL
0x00007ffa39fd0000 - 0x00007ffa39fe0000 	C:\Users\2ndgamingdk\.p2\pool\plugins\org.eclipse.justj.openjdk.hotspot.jre.full.win32.x86_64_22.0.2.v20240802-1626\jre\bin\verify.dll
0x00007ffa61ac0000 - 0x00007ffa61b8a000 	C:\WINDOWS\SYSTEM32\DNSAPI.dll
0x00007ffa5bed0000 - 0x00007ffa5beda000 	C:\Windows\System32\rasadhlp.dll
0x00007ffa5b920000 - 0x00007ffa5b9a0000 	C:\WINDOWS\System32\fwpuclnt.dll
0x00007ffa2c590000 - 0x00007ffa2c599000 	C:\Users\2ndgamingdk\.p2\pool\plugins\org.eclipse.justj.openjdk.hotspot.jre.full.win32.x86_64_22.0.2.v20240802-1626\jre\bin\extnet.dll
0x00007ffa5c820000 - 0x00007ffa5c827000 	C:\WINDOWS\system32\wshunix.dll

dbghelp: loaded successfully - version: 4.0.5 - missing functions: none
symbol engine: initialized successfully - sym options: 0x614 - pdb path: .;C:\Users\2ndgamingdk\.p2\pool\plugins\org.eclipse.justj.openjdk.hotspot.jre.full.win32.x86_64_22.0.2.v20240802-1626\jre\bin;C:\WINDOWS\SYSTEM32;C:\Program Files\Bitdefender\Bitdefender Security\bdhkm\dlls_267023270869537619;C:\Program Files\Bitdefender\Bitdefender Security\atcuf\dlls_267426151152642920;C:\WINDOWS\WinSxS\amd64_microsoft.windows.common-controls_6595b64144ccf1df_6.0.19041.4355_none_60b8b9eb71f62e16;C:\Users\2ndgamingdk\.p2\pool\plugins\org.eclipse.justj.openjdk.hotspot.jre.full.win32.x86_64_22.0.2.v20240802-1626\jre\bin\server

VM Arguments:
jvm_args: -Dfile.encoding=UTF-8 -Dstdout.encoding=UTF-8 -Dstderr.encoding=UTF-8 -XX:+ShowCodeDetailsInExceptionMessages 
java_command: springbootapp.Springbootapp
java_class_path (initial): C:\Users\2ndgamingdk\eclipse-workspace\Multi-module-project\springboot-app\target\classes;C:\Users\2ndgamingdk\.m2\repository\org\springframework\boot\spring-boot-starter-data-jpa\3.3.4\spring-boot-starter-data-jpa-3.3.4.jar;C:\Users\2ndgamingdk\.m2\repository\org\springframework\boot\spring-boot-starter-aop\3.3.4\spring-boot-starter-aop-3.3.4.jar;C:\Users\2ndgamingdk\.m2\repository\org\aspectj\aspectjweaver\1.9.22.1\aspectjweaver-1.9.22.1.jar;C:\Users\2ndgamingdk\.m2\repository\org\springframework\boot\spring-boot-starter-jdbc\3.3.4\spring-boot-starter-jdbc-3.3.4.jar;C:\Users\2ndgamingdk\.m2\repository\com\zaxxer\HikariCP\5.1.0\HikariCP-5.1.0.jar;C:\Users\2ndgamingdk\.m2\repository\org\springframework\spring-jdbc\6.1.13\spring-jdbc-6.1.13.jar;C:\Users\2ndgamingdk\.m2\repository\org\hibernate\orm\hibernate-core\6.5.3.Final\hibernate-core-6.5.3.Final.jar;C:\Users\2ndgamingdk\.m2\repository\jakarta\persistence\jakarta.persistence-api\3.1.0\jakarta.persistence-api-3.1.0.jar;C:\Users\2ndgamingdk\.m2\repository\jakarta\transaction\jakarta.transaction-api\2.0.1\jakarta.transaction-api-2.0.1.jar;C:\Users\2ndgamingdk\.m2\repository\org\jboss\logging\jboss-logging\3.5.3.Final\jboss-logging-3.5.3.Final.jar;C:\Users\2ndgamingdk\.m2\repository\org\hibernate\common\hibernate-commons-annotations\6.0.6.Final\hibernate-commons-annotations-6.0.6.Final.jar;C:\Users\2ndgamingdk\.m2\repository\io\smallrye\jandex\3.1.2\jandex-3.1.2.jar;C:\Users\2ndgamingdk\.m2\repository\com\fasterxml\classmate\1.7.0\classmate-1.7.0.jar;C:\Users\2ndgamingdk\.m2\repository\net\bytebuddy\byte-buddy\1.14.19\byte-buddy-1.14.19.jar;C:\Users\2ndgamingdk\.m2\repository\org\glassfish\jaxb\jaxb-runtime\4.0.5\jaxb-runtime-4.0.5.jar;C:\Users\2ndgamingdk\.m2\repository\org\glassfish\jaxb\jaxb-core\4.0.5\jaxb-core-4.0.5.jar;C:\Users\2ndgamingdk\.m2\repository\org\eclipse\angus\angus-activation\2.0.2\angus-activation-2.0.2.jar;C:\Users\2ndgamingdk\.m2\repository\org\glassfish\jaxb\txw2\4.0.5\txw2-4.0.5.jar;C:\Users\2ndgamingdk\.m2\repository\com\sun\istack\istack-commons-runtime\4.1.2\istack-commons-runtime-4.1.2.jar;C:\Users\2ndgamingdk\.m2\repository\jakarta\inject\jakarta.inject-api\2.0.1\jakarta.inject-api-2.0.1.jar;C:\Users\2ndgamingdk\.m2\repository\org\antlr\antlr4-runtime\4.13.0\antlr4-runtime-4.13.0.jar;C:\Users\2ndgamingdk\.m2\repository\org\springframework\data\spring-data-jpa\3.3.4\spring-data-jpa-3.3.4.jar;C:\Users\2ndgamingdk\.m2\repository\org\springframework\data\spring-data-commons\3.3.4\spring-data-commons-3.3.4.jar;C:\Users\2ndgamingdk\.m2\repository\org\springframework\spring-orm\6.1.13\spring-orm-6.1.13.jar;C:\Users\2ndgamingdk\.m2\repository\org\springframework\spring-context\6.1.13\spring-context-6.1.13.jar;C:\Users\2ndgamingdk\.m2\repository\org\springframework\spring-tx\6.1.13\spring-tx-6.1.13.jar;C:\Users\2ndgamingdk\.m2\repository\org\springframework\spring-beans\6.1.13\spring-beans-6.1.13.jar;C:\Users\2ndgamingdk\.m2\repository\jakarta\annotation\jakarta.annotation-api\2.1.1\jakarta.annotation-api-2.1.1.jar;C:\Users\2ndgamingdk\.m2\repository\org\slf4j\slf4j-api\2.0.16\slf4j-api-2.0.16.jar;C:\Users\2ndgamingdk\.m2\repository\org\springframework\spring-aspects\6.1.13\spring-aspects-6.1.13.jar;C:\Users\2ndgamingdk\.m2\repository\io\github\cdimascio\java-dotenv\5.2.2\java-dotenv-5.2.2.jar;C:\Users\2ndgamingdk\.m2\repository\org\jetbrains\kotlin\kotlin-stdlib\1.9.25\kotlin-stdlib-1.9.25.jar;C:\Users\2ndgamingdk\.m2\repository\org\jetbrains\annotations\13.0\annotations-13.0.jar;C:\Users\2ndgamingdk\.m2\repository\org\springframework\boot\spring-boot-starter-security\3.3.4\spring-boot-starter-security-3.3.4.jar;C:\Users\2ndgamingdk\.m2\repository\org\springframework\boot\spring-boot-starter\3.3.4\spring-boot-starter-3.3.4.jar;C:\Users\2ndgamingdk\.m2\repository\org\springframework\boot\spring-boot\3.3.4\spring-boot-3.3.4.jar;C:\Users\2ndgamingdk\.m2\repository\org\springframework\boot\spring-boot-autoconfigure\3.3.4\spring-boot-autoconfigure-3.3.4.jar;C:\Users\2ndgamingdk\.m2\repository\org\springframework\boot\spring-boot-starter-logging\3.3.4\spring-boot-starter-logging-3.3.4.jar;C:\Users\2ndgamingdk\.m2\repository\ch\qos\logback\logback-classic\1.5.8\logback-classic-1.5.8.jar;C:\Users\2ndgamingdk\.m2\repository\ch\qos\logback\logback-core\1.5.8\logback-core-1.5.8.jar;C:\Users\2ndgamingdk\.m2\repository\org\apache\logging\log4j\log4j-to-slf4j\2.23.1\log4j-to-slf4j-2.23.1.jar;C:\Users\2ndgamingdk\.m2\repository\org\apache\logging\log4j\log4j-api\2.23.1\log4j-api-2.23.1.jar;C:\Users\2ndgamingdk\.m2\repository\org\slf4j\jul-to-slf4j\2.0.16\jul-to-slf4j-2.0.16.jar;C:\Users\2ndgamingdk\.m2\repository\org\yaml\snakeyaml\2.2\snakeyaml-2.2.jar;C:\Users\2ndgamingdk\.m2\repository\org\springframework\spring-aop\6.1.13\spring-aop-6.1.13.jar;C:\Users\2ndgamingdk\.m2\repository\org\springframework\security\spring-security-config\6.3.3\spring-security-config-6.3.3.jar;C:\Users\2ndgamingdk\.m2\repository\org\springframework\security\spring-security-web\6.3.3\spring-security-web-6.3.3.jar;C:\Users\2ndgamingdk\.m2\repository\org\springframework\spring-expression\6.1.13\spring-expression-6.1.13.jar;C:\Users\2ndgamingdk\.m2\repository\org\springframework\boot\spring-boot-starter-web\3.3.4\spring-boot-starter-web-3.3.4.jar;C:\Users\2ndgamingdk\.m2\repository\org\springframework\boot\spring-boot-starter-json\3.3.4\spring-boot-starter-json-3.3.4.jar;C:\Users\2ndgamingdk\.m2\repository\com\fasterxml\jackson\core\jackson-databind\2.17.2\jackson-databind-2.17.2.jar;C:\Users\2ndgamingdk\.m2\repository\com\fasterxml\jackson\core\jackson-annotations\2.17.2\jackson-annotations-2.17.2.jar;C:\Users\2ndgamingdk\.m2\repository\com\fasterxml\jackson\core\jackson-core\2.17.2\jackson-core-2.17.2.jar;C:\Users\2ndgamingdk\.m2\repository\com\fasterxml\jackson\datatype\jackson-datatype-jdk8\2.17.2\jackson-datatype-jdk8-2.17.2.jar;C:\Users\2ndgamingdk\.m2\repository\com\fasterxml\jackson\datatype\jackson-datatype-jsr310\2.17.2\jackson-datatype-jsr310-2.17.2.jar;C:\Users\2ndgamingdk\.m2\repository\com\fasterxml\jackson\module\jackson-module-parameter-names\2.17.2\jackson-module-parameter-names-2.17.2.jar;C:\Users\2ndgamingdk\.m2\repository\org\springframework\boot\spring-boot-starter-tomcat\3.3.4\spring-boot-starter-tomcat-3.3.4.jar;C:\Users\2ndgamingdk\.m2\repository\org\apache\tomcat\embed\tomcat-embed-core\10.1.30\tomcat-embed-core-10.1.30.jar;C:\Users\2ndgamingdk\.m2\repository\org\apache\tomcat\embed\tomcat-embed-el\10.1.30\tomcat-embed-el-10.1.30.jar;C:\Users\2ndgamingdk\.m2\repository\org\apache\tomcat\embed\tomcat-embed-websocket\10.1.30\tomcat-embed-websocket-10.1.30.jar;C:\Users\2ndgamingdk\.m2\repository\org\springframework\spring-web\6.1.13\spring-web-6.1.13.jar;C:\Users\2ndgamingdk\.m2\repository\org\springframework\spring-webmvc\6.1.13\spring-webmvc-6.1.13.jar;C:\Users\2ndgamingdk\.m2\repository\org\springframework\boot\spring-boot-starter-actuator\3.3.4\spring-boot-starter-actuator-3.3.4.jar;C:\Users\2ndgamingdk\.m2\repository\org\springframework\boot\spring-boot-actuator-autoconfigure\3.3.4\spring-boot-actuator-autoconfigure-3.3.4.jar;C:\Users\2ndgamingdk\.m2\repository\org\springframework\boot\spring-boot-actuator\3.3.4\spring-boot-actuator-3.3.4.jar;C:\Users\2ndgamingdk\.m2\repository\io\micrometer\micrometer-observation\1.13.4\micrometer-observation-1.13.4.jar;C:\Users\2ndgamingdk\.m2\repository\io\micrometer\micrometer-commons\1.13.4\micrometer-commons-1.13.4.jar;C:\Users\2ndgamingdk\.m2\repository\io\micrometer\micrometer-jakarta9\1.13.4\micrometer-jakarta9-1.13.4.jar;C:\Users\2ndgamingdk\.m2\repository\io\micrometer\micrometer-core\1.13.4\micrometer-core-1.13.4.jar;C:\Users\2ndgamingdk\.m2\repository\org\hdrhistogram\HdrHistogram\2.2.2\HdrHistogram-2.2.2.jar;C:\Users\2ndgamingdk\.m2\repository\org\latencyutils\LatencyUtils\2.0.3\LatencyUtils-2.0.3.jar;C:\Users\2ndgamingdk\.m2\repository\org\postgresql\postgresql\42.7.4\postgresql-42.7.4.jar;C:\Users\2ndgamingdk\.m2\repository\org\checkerframework\checker-qual\3.42.0\checker-qual-3.42.0.jar;C:\Users\2ndgamingdk\.m2\repository\jakarta\xml\bind\jakarta.xml.bind-api\4.0.2\jakarta.xml.bind-api-4.0.2.jar;C:\Users\2ndgamingdk\.m2\repository\jakarta\activation\jakarta.activation-api\2.1.3\jakarta.activation-api-2.1.3.jar;C:\Users\2ndgamingdk\.m2\repository\org\springframework\spring-core\6.1.13\spring-core-6.1.13.jar;C:\Users\2ndgamingdk\.m2\repository\org\springframework\spring-jcl\6.1.13\spring-jcl-6.1.13.jar;C:\Users\2ndgamingdk\.m2\repository\org\springframework\security\spring-security-core\6.3.3\spring-security-core-6.3.3.jar;C:\Users\2ndgamingdk\.m2\repository\org\springframework\security\spring-security-crypto\6.3.3\spring-security-crypto-6.3.3.jar
Launcher Type: SUN_STANDARD

[Global flags]
     intx CICompilerCount                          = 12                                        {product} {ergonomic}
     uint ConcGCThreads                            = 3                                         {product} {ergonomic}
     uint G1ConcRefinementThreads                  = 13                                        {product} {ergonomic}
   size_t G1HeapRegionSize                         = 4194304                                   {product} {ergonomic}
   size_t InitialHeapSize                          = 536870912                                 {product} {ergonomic}
   size_t MarkStackSize                            = 4194304                                   {product} {ergonomic}
   size_t MaxHeapSize                              = 8573157376                                {product} {ergonomic}
   size_t MaxNewSize                               = 5142216704                                {product} {ergonomic}
   size_t MinHeapDeltaBytes                        = 4194304                                   {product} {ergonomic}
   size_t MinHeapSize                              = 8388608                                   {product} {ergonomic}
    uintx NonNMethodCodeHeapSize                   = 7602480                                {pd product} {ergonomic}
    uintx NonProfiledCodeHeapSize                  = 122027880                              {pd product} {ergonomic}
    uintx ProfiledCodeHeapSize                     = 122027880                              {pd product} {ergonomic}
    uintx ReservedCodeCacheSize                    = 251658240                              {pd product} {ergonomic}
     bool SegmentedCodeCache                       = true                                      {product} {ergonomic}
     bool ShowCodeDetailsInExceptionMessages       = true                                   {manageable} {command line}
   size_t SoftMaxHeapSize                          = 8573157376                             {manageable} {ergonomic}
     bool UseCompressedOops                        = true                           {product lp64_product} {ergonomic}
     bool UseG1GC                                  = true                                      {product} {ergonomic}
     bool UseLargePagesIndividualAllocation        = false                                  {pd product} {ergonomic}

Logging:
Log output configuration:
 #0: stdout all=warning uptime,level,tags foldmultilines=false
 #1: stderr all=off uptime,level,tags foldmultilines=false

Environment Variables:
JAVA_HOME=C:\Program Files\Java\jdk-21
PATH=C:/Users/2ndgamingdk/.p2/pool/plugins/org.eclipse.justj.openjdk.hotspot.jre.full.win32.x86_64_22.0.2.v20240802-1626/jre/bin/server;C:/Users/2ndgamingdk/.p2/pool/plugins/org.eclipse.justj.openjdk.hotspot.jre.full.win32.x86_64_22.0.2.v20240802-1626/jre/bin;C:\Program Files\Common Files\Oracle\Java\javapath;C:\Program Files (x86)\Common Files\Oracle\Java\java8path;C:\Program Files (x86)\Common Files\Oracle\Java\javapath;C:\Program Files (x86)\VMware\VMware Workstation\bin\;C:\WINDOWS\system32;C:\WINDOWS;C:\WINDOWS\System32\Wbem;C:\WINDOWS\System32\WindowsPowerShell\v1.0\;C:\WINDOWS\System32\OpenSSH\;C:\Program Files\NVIDIA Corporation\NVIDIA NvDLISR;C:\Program Files (x86)\NVIDIA Corporation\PhysX\Common;C:\Program Files\Microsoft SQL Server\150\Tools\Binn\;C:\Program Files\Microsoft SQL Server\Client SDK\ODBC\170\Tools\Binn\;C:\Program Files (x86)\Microsoft SQL Server\160\DTS\Binn\;C:\Program Files\Azure Data Studio\bin;C:\Program Files (x86)\Microsoft SQL Server\160\Tools\Binn\;C:\Program Files\Microsoft SQL Server\160\Tools\Binn\;C:\Program Files\Microsoft SQL Server\160\DTS\Binn\;C:\Program Files\Git\cmd;C:\Program Files\Unity\Hub\Editor\2022.3.10f1\Editor\Data\PlaybackEngines\AndroidPlayer\SDK\platform-tools;C:\Program Files\Mullvad VPN\resources;C:\Program Files\dotnet\;C:\Users\2ndgamingdk\AppData\Local\Microsoft\WindowsApps\python.exe;C:\Program Files\Apache\maven\apache-maven-3.9.9\bin;C:\Program Files\nodejs\;C:\Program Files\Java\jdk-21\bin;C:\Users\2ndgamingdk\AppData\Local\Programs\Python\Python310\Scripts\;C:\Users\2ndgamingdk\AppData\Local\Programs\Python\Python310\;C:\Users\2ndgamingdk\AppData\Local\Microsoft\WindowsApps;C:\Users\2ndgamingdk\AppData\Local\Microsoft\WindowsApps;C:\Program Files\Azure Data Studio\bin;D:\Program Files\Microsoft VS Code\bin;C:\Users\2ndgamingdk\.dotnet\tools;C:\Users\2ndgamingdk\AppData\Roaming\npm;C:\Users\2ndgamingdk\Desktop;
USERNAME=2ndgamingdk
OS=Windows_NT
PROCESSOR_IDENTIFIER=AMD64 Family 25 Model 33 Stepping 2, AuthenticAMD
TMP=C:\Users\2NDGAM~1\AppData\Local\Temp
TEMP=C:\Users\2NDGAM~1\AppData\Local\Temp




Periodic native trim disabled

---------------  S Y S T E M  ---------------

OS:
 Windows 10 , 64 bit Build 19041 (10.0.19041.4842)
OS uptime: 0 days 13:15 hours

CPU: total 16 (initial active 16) (16 cores per cpu, 2 threads per core) family 25 model 33 stepping 2 microcode 0x0, cx8, cmov, fxsr, ht, mmx, 3dnowpref, sse, sse2, sse3, ssse3, sse4a, sse4.1, sse4.2, popcnt, lzcnt, tsc, tscinvbit, avx, avx2, aes, erms, clmul, bmi1, bmi2, adx, sha, fma, vzeroupper, clflush, clflushopt, rdtscp, rdpid, fsrm, f16c, pku, cet_ss
Processor Information for all 16 processors :
  Max Mhz: 3401, Current Mhz: 3401, Mhz Limit: 3401

Memory: 4k page, system-wide physical 32689M (14351M free)
TotalPageFile size 47143M (AvailPageFile size 5M)
current process WorkingSet (physical memory assigned to process): 374M, peak: 397M
current process commit charge ("private bytes"): 417M, peak: 652M

vm_info: OpenJDK 64-Bit Server VM (22.0.2+9) for windows-amd64 JRE (22.0.2+9), built on 2024-07-16T00:00:00Z by "admin" with MS VC++ 17.7 (VS2022)

END.
